#
# There is insufficient memory for the Java Runtime Environment to continue.
# Native memory allocation (malloc) failed to allocate 3241056 bytes. Error detail: Chunk::new
# Possible reasons:
#   The system is out of physical RAM or swap space
#   This process is running with CompressedOops enabled, and the Java Heap may be blocking the growth of the native heap
# Possible solutions:
#   Reduce memory load on the system
#   Increase physical memory or swap space
#   Check if swap backing store is full
#   Decrease Java heap size (-Xmx/-Xms)
#   Decrease number of Java threads
#   Decrease Java thread stack sizes (-Xss)
#   Set larger code cache with -XX:ReservedCodeCacheSize=
#   JVM is running with Unscaled Compressed Oops mode in which the Java heap is
#     placed in the first 4GB address space. The Java Heap base address is the
#     maximum limit for the native heap growth. Please use -XX:HeapBaseMinAddress
#     to set the Java Heap base and to place the Java Heap above 4GB virtual address.
# This output file may be truncated or incomplete.
#
#  Out of Memory Error (arena.cpp:150), pid=30132, tid=23120
#
# JRE version: Java(TM) SE Runtime Environment (22.0.1+8) (build 22.0.1+8-16)
# Java VM: Java HotSpot(TM) 64-Bit Server VM (22.0.1+8-16, mixed mode, sharing, tiered, compressed oops, compressed class ptrs, g1 gc, windows-amd64)
# No core dump will be written. Minidumps are not enabled by default on client versions of Windows
#

---------------  S U M M A R Y ------------

Command Line: -agentlib:jdwp=transport=dt_socket,address=127.0.0.1:54006,suspend=y,server=n -javaagent:C:\Users\PC\AppData\Local\JetBrains\IdeaIC2024.1\captureAgent\debugger-agent.jar -Dfile.encoding=UTF-8 -Dsun.stdout.encoding=UTF-8 -Dsun.stderr.encoding=UTF-8 com.mouad.configserver.ConfigServerApplication

Host: Intel(R) Core(TM) i5-7300U CPU @ 2.60GHz, 4 cores, 7G,  Windows 10 , 64 bit Build 19041 (10.0.19041.3636)
Time: Thu Jul 11 20:39:17 2024 Maroc (heure d64 bit Build 19041 (10.0.19041.3636) elapsed time: 15.916863 seconds (0d 0h 0m 15s)

---------------  T H R E A D  ---------------

Current thread (0x000001d8fbdc1350):  JavaThread "C2 CompilerThread0" daemon [_thread_in_native, id=23120, stack(0x0000002f8ea00000,0x0000002f8eb00000) (1024K)]


Current CompileTask:
C2:15917 2595       4       java.lang.invoke.MethodType::methodType (69 bytes)

Stack: [0x0000002f8ea00000,0x0000002f8eb00000]
Native frames: (J=compiled Java code, j=interpreted, Vv=VM code, C=native code)
V  [jvm.dll+0x6e2279]  (no source info available)
V  [jvm.dll+0x874e33]  (no source info available)
V  [jvm.dll+0x87725e]  (no source info available)
V  [jvm.dll+0x877933]  (no source info available)
V  [jvm.dll+0x27fd76]  (no source info available)
V  [jvm.dll+0xc3d0f]  (no source info available)
V  [jvm.dll+0xc3f6b]  (no source info available)
V  [jvm.dll+0x3bb10c]  (no source info available)
V  [jvm.dll+0x1df87e]  (no source info available)
V  [jvm.dll+0x247a5c]  (no source info available)
V  [jvm.dll+0x246fbf]  (no source info available)
V  [jvm.dll+0x1c4e90]  (no source info available)
V  [jvm.dll+0x2569fe]  (no source info available)
V  [jvm.dll+0x254cba]  (no source info available)
V  [jvm.dll+0x3f5336]  (no source info available)
V  [jvm.dll+0x81d44b]  (no source info available)
V  [jvm.dll+0x6e0915]  (no source info available)
C  [ucrtbase.dll+0x21bb2]  (no source info available)
C  [KERNEL32.DLL+0x17344]  (no source info available)
C  [ntdll.dll+0x4cc91]  (no source info available)


---------------  P R O C E S S  ---------------

Threads class SMR info:
_java_thread_list=0x000001d8fbe125c0, length=16, elements={
0x000001d8eccaa330, 0x000001d8fbdaf880, 0x000001d8fbdb1760, 0x000001d8fbdb5c70,
0x000001d8fbdb6880, 0x000001d8fbdb7490, 0x000001d8fbdbb5a0, 0x000001d8fbdc1350,
0x000001d8fbdc1e00, 0x000001d8d41d0760, 0x000001d8d432f6f0, 0x000001d8d434f800,
0x000001d8d434fe90, 0x000001d8d436e3b0, 0x000001d8d52e45a0, 0x000001d8d52e4f40
}

Java Threads: ( => current thread )
  0x000001d8eccaa330 JavaThread "main"                              [_thread_in_Java, id=29740, stack(0x0000002f8dc00000,0x0000002f8dd00000) (1024K)]
  0x000001d8fbdaf880 JavaThread "Reference Handler"          daemon [_thread_blocked, id=26812, stack(0x0000002f8e400000,0x0000002f8e500000) (1024K)]
  0x000001d8fbdb1760 JavaThread "Finalizer"                  daemon [_thread_blocked, id=21892, stack(0x0000002f8e500000,0x0000002f8e600000) (1024K)]
  0x000001d8fbdb5c70 JavaThread "Signal Dispatcher"          daemon [_thread_blocked, id=29628, stack(0x0000002f8e600000,0x0000002f8e700000) (1024K)]
  0x000001d8fbdb6880 JavaThread "Attach Listener"            daemon [_thread_blocked, id=18208, stack(0x0000002f8e700000,0x0000002f8e800000) (1024K)]
  0x000001d8fbdb7490 JavaThread "Service Thread"             daemon [_thread_blocked, id=14948, stack(0x0000002f8e800000,0x0000002f8e900000) (1024K)]
  0x000001d8fbdbb5a0 JavaThread "Monitor Deflation Thread"   daemon [_thread_blocked, id=24756, stack(0x0000002f8e900000,0x0000002f8ea00000) (1024K)]
=>0x000001d8fbdc1350 JavaThread "C2 CompilerThread0"         daemon [_thread_in_native, id=23120, stack(0x0000002f8ea00000,0x0000002f8eb00000) (1024K)]
  0x000001d8fbdc1e00 JavaThread "C1 CompilerThread0"         daemon [_thread_blocked, id=15624, stack(0x0000002f8eb00000,0x0000002f8ec00000) (1024K)]
  0x000001d8d41d0760 JavaThread "Common-Cleaner"             daemon [_thread_blocked, id=12204, stack(0x0000002f8ec00000,0x0000002f8ed00000) (1024K)]
  0x000001d8d432f6f0 JavaThread "JDWP Transport Listener: dt_socket" daemon [_thread_blocked, id=8152, stack(0x0000002f8ed00000,0x0000002f8ee00000) (1024K)]
  0x000001d8d434f800 JavaThread "JDWP Event Helper Thread"   daemon [_thread_blocked, id=28688, stack(0x0000002f8ee00000,0x0000002f8ef00000) (1024K)]
  0x000001d8d434fe90 JavaThread "JDWP Command Reader"        daemon [_thread_in_native, id=24212, stack(0x0000002f8ef00000,0x0000002f8f000000) (1024K)]
  0x000001d8d436e3b0 JavaThread "Notification Thread"        daemon [_thread_blocked, id=16592, stack(0x0000002f8f000000,0x0000002f8f100000) (1024K)]
  0x000001d8d52e45a0 JavaThread "C2 CompilerThread1"         daemon [_thread_in_native, id=13824, stack(0x0000002f8f400000,0x0000002f8f500000) (1024K)]
  0x000001d8d52e4f40 JavaThread "background-preinit"                [_thread_in_native, id=16544, stack(0x0000002f8f500000,0x0000002f8f600000) (1024K)]
Total: 16

Other Threads:
  0x000001d8fbd90e50 VMThread "VM Thread"                           [id=28900, stack(0x0000002f8e300000,0x0000002f8e400000) (1024K)]
  0x000001d8fbd79290 WatcherThread "VM Periodic Task Thread"        [id=29320, stack(0x0000002f8e200000,0x0000002f8e300000) (1024K)]
  0x000001d8eefcfd50 WorkerThread "GC Thread#0"                     [id=20104, stack(0x0000002f8dd00000,0x0000002f8de00000) (1024K)]
  0x000001d8d493a240 WorkerThread "GC Thread#1"                     [id=13228, stack(0x0000002f8f100000,0x0000002f8f200000) (1024K)]
  0x000001d8d48fc620 WorkerThread "GC Thread#2"                     [id=23788, stack(0x0000002f8f200000,0x0000002f8f300000) (1024K)]
  0x000001d8d494f8f0 WorkerThread "GC Thread#3"                     [id=29892, stack(0x0000002f8f300000,0x0000002f8f400000) (1024K)]
  0x000001d8eefe0100 ConcurrentGCThread "G1 Main Marker"            [id=1228, stack(0x0000002f8de00000,0x0000002f8df00000) (1024K)]
  0x000001d8eefe0c10 WorkerThread "G1 Conc#0"                       [id=29200, stack(0x0000002f8df00000,0x0000002f8e000000) (1024K)]
  0x000001d8ef03e930 ConcurrentGCThread "G1 Refine#0"               [id=23576, stack(0x0000002f8e000000,0x0000002f8e100000) (1024K)]
  0x000001d8fbc49df0 ConcurrentGCThread "G1 Service"                [id=29476, stack(0x0000002f8e100000,0x0000002f8e200000) (1024K)]
Total: 10

Threads with active compile tasks:
C2 CompilerThread0  16215 2595       4       java.lang.invoke.MethodType::methodType (69 bytes)
C2 CompilerThread1  16215 2785       4       jdk.internal.loader.BuiltinClassLoader::moduleReaderFor (45 bytes)
Total: 2

VM state: not at safepoint (normal execution)

VM Mutex/Monitor currently owned by a thread:  ([mutex/lock_event])
[0x00007ffeab42a738] MethodCompileQueue_lock - owner thread: 0x000001d8eccaa330

Heap address: 0x0000000086200000, size: 1950 MB, Compressed Oops mode: 32-bit

CDS archive(s) mapped at: [0x000001d88f000000-0x000001d88fc60000-0x000001d88fc60000), size 12976128, SharedBaseAddress: 0x000001d88f000000, ArchiveRelocationMode: 1.
Compressed class space mapped at: 0x000001d890000000-0x000001d8d0000000, reserved size: 1073741824
Narrow klass base: 0x000001d88f000000, Narrow klass shift: 0, Narrow klass range: 0x41000000

GC Precious Log:
 CardTable entry size: 512
 Card Set container configuration: InlinePtr #cards 5 size 8 Array Of Cards #cards 12 size 40 Howl #buckets 4 coarsen threshold 1843 Howl Bitmap #cards 512 size 80 coarsen threshold 460 Card regions per heap region 1 cards per card region 2048
 CPUs: 4 total, 4 available
 Memory: 7794M
 Large Page Support: Disabled
 NUMA Support: Disabled
 Compressed Oops: Enabled (32-bit)
 Heap Region Size: 1M
 Heap Min Capacity: 8M
 Heap Initial Capacity: 122M
 Heap Max Capacity: 1950M
 Pre-touch: Disabled
 Parallel Workers: 4
 Concurrent Workers: 1
 Concurrent Refinement Workers: 4
 Periodic GC: Disabled

Heap:
 garbage-first heap   total reserved 1996800K, committed 124928K, used 13619K [0x0000000086200000, 0x0000000100000000)
  region size 1024K, 9 young (9216K), 6 survivors (6144K)
 Metaspace       used 20937K, committed 21248K, reserved 1114112K
  class space    used 2661K, committed 2816K, reserved 1048576K

Heap Regions: E=young(eden), S=young(survivor), O=old, HS=humongous(starts), HC=humongous(continues), CS=collection set, F=free, TAMS=top-at-mark-start, PB=parsable bottom
|   0|0x0000000086200000, 0x0000000086300000, 0x0000000086300000|100%|HS|  |TAMS 0x0000000086200000| PB 0x0000000086200000| Complete |  0
|   1|0x0000000086300000, 0x0000000086400000, 0x0000000086400000|100%| O|  |TAMS 0x0000000086300000| PB 0x0000000086300000| Untracked |  0
|   2|0x0000000086400000, 0x0000000086500000, 0x0000000086500000|100%| O|  |TAMS 0x0000000086400000| PB 0x0000000086400000| Untracked |  0
|   3|0x0000000086500000, 0x0000000086600000, 0x0000000086600000|100%| O|  |TAMS 0x0000000086500000| PB 0x0000000086500000| Untracked |  0
|   4|0x0000000086600000, 0x0000000086700000, 0x0000000086700000|100%| O|  |TAMS 0x0000000086600000| PB 0x0000000086600000| Untracked |  0
|   5|0x0000000086700000, 0x0000000086766940, 0x0000000086800000| 40%| O|  |TAMS 0x0000000086700000| PB 0x0000000086700000| Untracked |  0
|   6|0x0000000086800000, 0x0000000086800000, 0x0000000086900000|  0%| F|  |TAMS 0x0000000086800000| PB 0x0000000086800000| Untracked |  0
|   7|0x0000000086900000, 0x0000000086900000, 0x0000000086a00000|  0%| F|  |TAMS 0x0000000086900000| PB 0x0000000086900000| Untracked |  0
|   8|0x0000000086a00000, 0x0000000086a00000, 0x0000000086b00000|  0%| F|  |TAMS 0x0000000086a00000| PB 0x0000000086a00000| Untracked |  0
|   9|0x0000000086b00000, 0x0000000086b00000, 0x0000000086c00000|  0%| F|  |TAMS 0x0000000086b00000| PB 0x0000000086b00000| Untracked |  0
|  10|0x0000000086c00000, 0x0000000086c00000, 0x0000000086d00000|  0%| F|  |TAMS 0x0000000086c00000| PB 0x0000000086c00000| Untracked |  0
|  11|0x0000000086d00000, 0x0000000086d00000, 0x0000000086e00000|  0%| F|  |TAMS 0x0000000086d00000| PB 0x0000000086d00000| Untracked |  0
|  12|0x0000000086e00000, 0x0000000086e00000, 0x0000000086f00000|  0%| F|  |TAMS 0x0000000086e00000| PB 0x0000000086e00000| Untracked |  0
|  13|0x0000000086f00000, 0x0000000086f00000, 0x0000000087000000|  0%| F|  |TAMS 0x0000000086f00000| PB 0x0000000086f00000| Untracked |  0
|  14|0x0000000087000000, 0x0000000087000000, 0x0000000087100000|  0%| F|  |TAMS 0x0000000087000000| PB 0x0000000087000000| Untracked |  0
|  15|0x0000000087100000, 0x0000000087100000, 0x0000000087200000|  0%| F|  |TAMS 0x0000000087100000| PB 0x0000000087100000| Untracked |  0
|  16|0x0000000087200000, 0x0000000087200000, 0x0000000087300000|  0%| F|  |TAMS 0x0000000087200000| PB 0x0000000087200000| Untracked |  0
|  17|0x0000000087300000, 0x0000000087300000, 0x0000000087400000|  0%| F|  |TAMS 0x0000000087300000| PB 0x0000000087300000| Untracked |  0
|  18|0x0000000087400000, 0x0000000087400000, 0x0000000087500000|  0%| F|  |TAMS 0x0000000087400000| PB 0x0000000087400000| Untracked |  0
|  19|0x0000000087500000, 0x0000000087500000, 0x0000000087600000|  0%| F|  |TAMS 0x0000000087500000| PB 0x0000000087500000| Untracked |  0
|  20|0x0000000087600000, 0x0000000087600000, 0x0000000087700000|  0%| F|  |TAMS 0x0000000087600000| PB 0x0000000087600000| Untracked |  0
|  21|0x0000000087700000, 0x0000000087700000, 0x0000000087800000|  0%| F|  |TAMS 0x0000000087700000| PB 0x0000000087700000| Untracked |  0
|  22|0x0000000087800000, 0x0000000087800000, 0x0000000087900000|  0%| F|  |TAMS 0x0000000087800000| PB 0x0000000087800000| Untracked |  0
|  23|0x0000000087900000, 0x0000000087900000, 0x0000000087a00000|  0%| F|  |TAMS 0x0000000087900000| PB 0x0000000087900000| Untracked |  0
|  24|0x0000000087a00000, 0x0000000087a00000, 0x0000000087b00000|  0%| F|  |TAMS 0x0000000087a00000| PB 0x0000000087a00000| Untracked |  0
|  25|0x0000000087b00000, 0x0000000087b00000, 0x0000000087c00000|  0%| F|  |TAMS 0x0000000087b00000| PB 0x0000000087b00000| Untracked |  0
|  26|0x0000000087c00000, 0x0000000087c00000, 0x0000000087d00000|  0%| F|  |TAMS 0x0000000087c00000| PB 0x0000000087c00000| Untracked |  0
|  27|0x0000000087d00000, 0x0000000087d00000, 0x0000000087e00000|  0%| F|  |TAMS 0x0000000087d00000| PB 0x0000000087d00000| Untracked |  0
|  28|0x0000000087e00000, 0x0000000087e00000, 0x0000000087f00000|  0%| F|  |TAMS 0x0000000087e00000| PB 0x0000000087e00000| Untracked |  0
|  29|0x0000000087f00000, 0x0000000087f00000, 0x0000000088000000|  0%| F|  |TAMS 0x0000000087f00000| PB 0x0000000087f00000| Untracked |  0
|  30|0x0000000088000000, 0x0000000088000000, 0x0000000088100000|  0%| F|  |TAMS 0x0000000088000000| PB 0x0000000088000000| Untracked |  0
|  31|0x0000000088100000, 0x0000000088100000, 0x0000000088200000|  0%| F|  |TAMS 0x0000000088100000| PB 0x0000000088100000| Untracked |  0
|  32|0x0000000088200000, 0x0000000088200000, 0x0000000088300000|  0%| F|  |TAMS 0x0000000088200000| PB 0x0000000088200000| Untracked |  0
|  33|0x0000000088300000, 0x0000000088300000, 0x0000000088400000|  0%| F|  |TAMS 0x0000000088300000| PB 0x0000000088300000| Untracked |  0
|  34|0x0000000088400000, 0x0000000088400000, 0x0000000088500000|  0%| F|  |TAMS 0x0000000088400000| PB 0x0000000088400000| Untracked |  0
|  35|0x0000000088500000, 0x0000000088500000, 0x0000000088600000|  0%| F|  |TAMS 0x0000000088500000| PB 0x0000000088500000| Untracked |  0
|  36|0x0000000088600000, 0x0000000088600000, 0x0000000088700000|  0%| F|  |TAMS 0x0000000088600000| PB 0x0000000088600000| Untracked |  0
|  37|0x0000000088700000, 0x0000000088700000, 0x0000000088800000|  0%| F|  |TAMS 0x0000000088700000| PB 0x0000000088700000| Untracked |  0
|  38|0x0000000088800000, 0x0000000088800000, 0x0000000088900000|  0%| F|  |TAMS 0x0000000088800000| PB 0x0000000088800000| Untracked |  0
|  39|0x0000000088900000, 0x0000000088900000, 0x0000000088a00000|  0%| F|  |TAMS 0x0000000088900000| PB 0x0000000088900000| Untracked |  0
|  40|0x0000000088a00000, 0x0000000088a00000, 0x0000000088b00000|  0%| F|  |TAMS 0x0000000088a00000| PB 0x0000000088a00000| Untracked |  0
|  41|0x0000000088b00000, 0x0000000088b00000, 0x0000000088c00000|  0%| F|  |TAMS 0x0000000088b00000| PB 0x0000000088b00000| Untracked |  0
|  42|0x0000000088c00000, 0x0000000088c00000, 0x0000000088d00000|  0%| F|  |TAMS 0x0000000088c00000| PB 0x0000000088c00000| Untracked |  0
|  43|0x0000000088d00000, 0x0000000088de6340, 0x0000000088e00000| 89%| S|CS|TAMS 0x0000000088d00000| PB 0x0000000088d00000| Complete |  0
|  44|0x0000000088e00000, 0x0000000088f00000, 0x0000000088f00000|100%| S|CS|TAMS 0x0000000088e00000| PB 0x0000000088e00000| Complete |  0
|  45|0x0000000088f00000, 0x0000000089000000, 0x0000000089000000|100%| S|CS|TAMS 0x0000000088f00000| PB 0x0000000088f00000| Complete |  0
|  46|0x0000000089000000, 0x0000000089100000, 0x0000000089100000|100%| S|CS|TAMS 0x0000000089000000| PB 0x0000000089000000| Complete |  0
|  47|0x0000000089100000, 0x0000000089200000, 0x0000000089200000|100%| S|CS|TAMS 0x0000000089100000| PB 0x0000000089100000| Complete |  0
|  48|0x0000000089200000, 0x0000000089300000, 0x0000000089300000|100%| S|CS|TAMS 0x0000000089200000| PB 0x0000000089200000| Complete |  0
|  49|0x0000000089300000, 0x0000000089300000, 0x0000000089400000|  0%| F|  |TAMS 0x0000000089300000| PB 0x0000000089300000| Untracked |  0
|  50|0x0000000089400000, 0x0000000089400000, 0x0000000089500000|  0%| F|  |TAMS 0x0000000089400000| PB 0x0000000089400000| Untracked |  0
|  51|0x0000000089500000, 0x0000000089500000, 0x0000000089600000|  0%| F|  |TAMS 0x0000000089500000| PB 0x0000000089500000| Untracked |  0
|  52|0x0000000089600000, 0x0000000089600000, 0x0000000089700000|  0%| F|  |TAMS 0x0000000089600000| PB 0x0000000089600000| Untracked |  0
|  53|0x0000000089700000, 0x0000000089700000, 0x0000000089800000|  0%| F|  |TAMS 0x0000000089700000| PB 0x0000000089700000| Untracked |  0
|  54|0x0000000089800000, 0x0000000089800000, 0x0000000089900000|  0%| F|  |TAMS 0x0000000089800000| PB 0x0000000089800000| Untracked |  0
|  55|0x0000000089900000, 0x0000000089900000, 0x0000000089a00000|  0%| F|  |TAMS 0x0000000089900000| PB 0x0000000089900000| Untracked |  0
|  56|0x0000000089a00000, 0x0000000089a00000, 0x0000000089b00000|  0%| F|  |TAMS 0x0000000089a00000| PB 0x0000000089a00000| Untracked |  0
|  57|0x0000000089b00000, 0x0000000089b00000, 0x0000000089c00000|  0%| F|  |TAMS 0x0000000089b00000| PB 0x0000000089b00000| Untracked |  0
|  58|0x0000000089c00000, 0x0000000089c00000, 0x0000000089d00000|  0%| F|  |TAMS 0x0000000089c00000| PB 0x0000000089c00000| Untracked |  0
|  59|0x0000000089d00000, 0x0000000089d00000, 0x0000000089e00000|  0%| F|  |TAMS 0x0000000089d00000| PB 0x0000000089d00000| Untracked |  0
|  60|0x0000000089e00000, 0x0000000089e00000, 0x0000000089f00000|  0%| F|  |TAMS 0x0000000089e00000| PB 0x0000000089e00000| Untracked |  0
|  61|0x0000000089f00000, 0x0000000089f00000, 0x000000008a000000|  0%| F|  |TAMS 0x0000000089f00000| PB 0x0000000089f00000| Untracked |  0
|  62|0x000000008a000000, 0x000000008a000000, 0x000000008a100000|  0%| F|  |TAMS 0x000000008a000000| PB 0x000000008a000000| Untracked |  0
|  63|0x000000008a100000, 0x000000008a100000, 0x000000008a200000|  0%| F|  |TAMS 0x000000008a100000| PB 0x000000008a100000| Untracked |  0
|  64|0x000000008a200000, 0x000000008a200000, 0x000000008a300000|  0%| F|  |TAMS 0x000000008a200000| PB 0x000000008a200000| Untracked |  0
|  65|0x000000008a300000, 0x000000008a300000, 0x000000008a400000|  0%| F|  |TAMS 0x000000008a300000| PB 0x000000008a300000| Untracked |  0
|  66|0x000000008a400000, 0x000000008a400000, 0x000000008a500000|  0%| F|  |TAMS 0x000000008a400000| PB 0x000000008a400000| Untracked |  0
|  67|0x000000008a500000, 0x000000008a500000, 0x000000008a600000|  0%| F|  |TAMS 0x000000008a500000| PB 0x000000008a500000| Untracked |  0
|  68|0x000000008a600000, 0x000000008a600000, 0x000000008a700000|  0%| F|  |TAMS 0x000000008a600000| PB 0x000000008a600000| Untracked |  0
|  69|0x000000008a700000, 0x000000008a700000, 0x000000008a800000|  0%| F|  |TAMS 0x000000008a700000| PB 0x000000008a700000| Untracked |  0
|  70|0x000000008a800000, 0x000000008a800000, 0x000000008a900000|  0%| F|  |TAMS 0x000000008a800000| PB 0x000000008a800000| Untracked |  0
|  71|0x000000008a900000, 0x000000008a900000, 0x000000008aa00000|  0%| F|  |TAMS 0x000000008a900000| PB 0x000000008a900000| Untracked |  0
|  72|0x000000008aa00000, 0x000000008aa00000, 0x000000008ab00000|  0%| F|  |TAMS 0x000000008aa00000| PB 0x000000008aa00000| Untracked |  0
|  73|0x000000008ab00000, 0x000000008ab00000, 0x000000008ac00000|  0%| F|  |TAMS 0x000000008ab00000| PB 0x000000008ab00000| Untracked |  0
|  74|0x000000008ac00000, 0x000000008ac00000, 0x000000008ad00000|  0%| F|  |TAMS 0x000000008ac00000| PB 0x000000008ac00000| Untracked |  0
|  75|0x000000008ad00000, 0x000000008ad00000, 0x000000008ae00000|  0%| F|  |TAMS 0x000000008ad00000| PB 0x000000008ad00000| Untracked |  0
|  76|0x000000008ae00000, 0x000000008ae00000, 0x000000008af00000|  0%| F|  |TAMS 0x000000008ae00000| PB 0x000000008ae00000| Untracked |  0
|  77|0x000000008af00000, 0x000000008af00000, 0x000000008b000000|  0%| F|  |TAMS 0x000000008af00000| PB 0x000000008af00000| Untracked |  0
|  78|0x000000008b000000, 0x000000008b000000, 0x000000008b100000|  0%| F|  |TAMS 0x000000008b000000| PB 0x000000008b000000| Untracked |  0
|  79|0x000000008b100000, 0x000000008b100000, 0x000000008b200000|  0%| F|  |TAMS 0x000000008b100000| PB 0x000000008b100000| Untracked |  0
|  80|0x000000008b200000, 0x000000008b200000, 0x000000008b300000|  0%| F|  |TAMS 0x000000008b200000| PB 0x000000008b200000| Untracked |  0
|  81|0x000000008b300000, 0x000000008b300000, 0x000000008b400000|  0%| F|  |TAMS 0x000000008b300000| PB 0x000000008b300000| Untracked |  0
|  82|0x000000008b400000, 0x000000008b400000, 0x000000008b500000|  0%| F|  |TAMS 0x000000008b400000| PB 0x000000008b400000| Untracked |  0
|  83|0x000000008b500000, 0x000000008b500000, 0x000000008b600000|  0%| F|  |TAMS 0x000000008b500000| PB 0x000000008b500000| Untracked |  0
|  84|0x000000008b600000, 0x000000008b600000, 0x000000008b700000|  0%| F|  |TAMS 0x000000008b600000| PB 0x000000008b600000| Untracked |  0
|  85|0x000000008b700000, 0x000000008b700000, 0x000000008b800000|  0%| F|  |TAMS 0x000000008b700000| PB 0x000000008b700000| Untracked |  0
|  86|0x000000008b800000, 0x000000008b800000, 0x000000008b900000|  0%| F|  |TAMS 0x000000008b800000| PB 0x000000008b800000| Untracked |  0
|  87|0x000000008b900000, 0x000000008b900000, 0x000000008ba00000|  0%| F|  |TAMS 0x000000008b900000| PB 0x000000008b900000| Untracked |  0
|  88|0x000000008ba00000, 0x000000008ba00000, 0x000000008bb00000|  0%| F|  |TAMS 0x000000008ba00000| PB 0x000000008ba00000| Untracked |  0
|  89|0x000000008bb00000, 0x000000008bb00000, 0x000000008bc00000|  0%| F|  |TAMS 0x000000008bb00000| PB 0x000000008bb00000| Untracked |  0
|  90|0x000000008bc00000, 0x000000008bc00000, 0x000000008bd00000|  0%| F|  |TAMS 0x000000008bc00000| PB 0x000000008bc00000| Untracked |  0
|  91|0x000000008bd00000, 0x000000008bd00000, 0x000000008be00000|  0%| F|  |TAMS 0x000000008bd00000| PB 0x000000008bd00000| Untracked |  0
|  92|0x000000008be00000, 0x000000008be00000, 0x000000008bf00000|  0%| F|  |TAMS 0x000000008be00000| PB 0x000000008be00000| Untracked |  0
|  93|0x000000008bf00000, 0x000000008bf00000, 0x000000008c000000|  0%| F|  |TAMS 0x000000008bf00000| PB 0x000000008bf00000| Untracked |  0
|  94|0x000000008c000000, 0x000000008c000000, 0x000000008c100000|  0%| F|  |TAMS 0x000000008c000000| PB 0x000000008c000000| Untracked |  0
|  95|0x000000008c100000, 0x000000008c100000, 0x000000008c200000|  0%| F|  |TAMS 0x000000008c100000| PB 0x000000008c100000| Untracked |  0
|  96|0x000000008c200000, 0x000000008c200000, 0x000000008c300000|  0%| F|  |TAMS 0x000000008c200000| PB 0x000000008c200000| Untracked |  0
|  97|0x000000008c300000, 0x000000008c300000, 0x000000008c400000|  0%| F|  |TAMS 0x000000008c300000| PB 0x000000008c300000| Untracked |  0
|  98|0x000000008c400000, 0x000000008c400000, 0x000000008c500000|  0%| F|  |TAMS 0x000000008c400000| PB 0x000000008c400000| Untracked |  0
|  99|0x000000008c500000, 0x000000008c500000, 0x000000008c600000|  0%| F|  |TAMS 0x000000008c500000| PB 0x000000008c500000| Untracked |  0
| 100|0x000000008c600000, 0x000000008c600000, 0x000000008c700000|  0%| F|  |TAMS 0x000000008c600000| PB 0x000000008c600000| Untracked |  0
| 101|0x000000008c700000, 0x000000008c700000, 0x000000008c800000|  0%| F|  |TAMS 0x000000008c700000| PB 0x000000008c700000| Untracked |  0
| 102|0x000000008c800000, 0x000000008c800000, 0x000000008c900000|  0%| F|  |TAMS 0x000000008c800000| PB 0x000000008c800000| Untracked |  0
| 103|0x000000008c900000, 0x000000008c900000, 0x000000008ca00000|  0%| F|  |TAMS 0x000000008c900000| PB 0x000000008c900000| Untracked |  0
| 104|0x000000008ca00000, 0x000000008ca00000, 0x000000008cb00000|  0%| F|  |TAMS 0x000000008ca00000| PB 0x000000008ca00000| Untracked |  0
| 105|0x000000008cb00000, 0x000000008cb00000, 0x000000008cc00000|  0%| F|  |TAMS 0x000000008cb00000| PB 0x000000008cb00000| Untracked |  0
| 106|0x000000008cc00000, 0x000000008cc00000, 0x000000008cd00000|  0%| F|  |TAMS 0x000000008cc00000| PB 0x000000008cc00000| Untracked |  0
| 107|0x000000008cd00000, 0x000000008cd00000, 0x000000008ce00000|  0%| F|  |TAMS 0x000000008cd00000| PB 0x000000008cd00000| Untracked |  0
| 108|0x000000008ce00000, 0x000000008ce00000, 0x000000008cf00000|  0%| F|  |TAMS 0x000000008ce00000| PB 0x000000008ce00000| Untracked |  0
| 109|0x000000008cf00000, 0x000000008cf00000, 0x000000008d000000|  0%| F|  |TAMS 0x000000008cf00000| PB 0x000000008cf00000| Untracked |  0
| 110|0x000000008d000000, 0x000000008d000000, 0x000000008d100000|  0%| F|  |TAMS 0x000000008d000000| PB 0x000000008d000000| Untracked |  0
| 111|0x000000008d100000, 0x000000008d100000, 0x000000008d200000|  0%| F|  |TAMS 0x000000008d100000| PB 0x000000008d100000| Untracked |  0
| 112|0x000000008d200000, 0x000000008d200000, 0x000000008d300000|  0%| F|  |TAMS 0x000000008d200000| PB 0x000000008d200000| Untracked |  0
| 113|0x000000008d300000, 0x000000008d300000, 0x000000008d400000|  0%| F|  |TAMS 0x000000008d300000| PB 0x000000008d300000| Untracked |  0
| 114|0x000000008d400000, 0x000000008d400000, 0x000000008d500000|  0%| F|  |TAMS 0x000000008d400000| PB 0x000000008d400000| Untracked |  0
| 115|0x000000008d500000, 0x000000008d500000, 0x000000008d600000|  0%| F|  |TAMS 0x000000008d500000| PB 0x000000008d500000| Untracked |  0
| 116|0x000000008d600000, 0x000000008d600000, 0x000000008d700000|  0%| F|  |TAMS 0x000000008d600000| PB 0x000000008d600000| Untracked |  0
| 117|0x000000008d700000, 0x000000008d700000, 0x000000008d800000|  0%| F|  |TAMS 0x000000008d700000| PB 0x000000008d700000| Untracked |  0
| 118|0x000000008d800000, 0x000000008d800000, 0x000000008d900000|  0%| F|  |TAMS 0x000000008d800000| PB 0x000000008d800000| Untracked |  0
| 119|0x000000008d900000, 0x000000008da00000, 0x000000008da00000|100%| E|  |TAMS 0x000000008d900000| PB 0x000000008d900000| Complete |  0
| 120|0x000000008da00000, 0x000000008db00000, 0x000000008db00000|100%| E|CS|TAMS 0x000000008da00000| PB 0x000000008da00000| Complete |  0
| 121|0x000000008db00000, 0x000000008dc00000, 0x000000008dc00000|100%| E|CS|TAMS 0x000000008db00000| PB 0x000000008db00000| Complete |  0

Card table byte_map: [0x000001d8f7690000,0x000001d8f7a60000] _byte_map_base: 0x000001d8f725f000

Marking Bits: (CMBitMap*) 0x000001d8eefd0460
 Bits: [0x000001d8f7a60000, 0x000001d8f98d8000)

Polling page: 0x000001d8eced0000

Metaspace:

Usage:
  Non-class:     17.85 MB used.
      Class:      2.60 MB used.
       Both:     20.45 MB used.

Virtual space:
  Non-class space:       64.00 MB reserved,      18.00 MB ( 28%) committed,  1 nodes.
      Class space:        1.00 GB reserved,       2.75 MB ( <1%) committed,  1 nodes.
             Both:        1.06 GB reserved,      20.75 MB (  2%) committed. 

Chunk freelists:
   Non-Class:  13.94 MB
       Class:  13.30 MB
        Both:  27.24 MB

MaxMetaspaceSize: unlimited
CompressedClassSpaceSize: 1.00 GB
Initial GC threshold: 21.00 MB
Current GC threshold: 21.00 MB
CDS: on
 - commit_granule_bytes: 65536.
 - commit_granule_words: 8192.
 - virtual_space_node_default_size: 8388608.
 - enlarge_chunks_in_place: 1.
 - use_allocation_guard: 0.


Internal statistics:

num_allocs_failed_limit: 0.
num_arena_births: 296.
num_arena_deaths: 0.
num_vsnodes_births: 2.
num_vsnodes_deaths: 0.
num_space_committed: 332.
num_space_uncommitted: 0.
num_chunks_returned_to_freelist: 0.
num_chunks_taken_from_freelist: 1014.
num_chunk_merges: 0.
num_chunk_splits: 677.
num_chunks_enlarged: 491.
num_inconsistent_stats: 0.

CodeHeap 'non-profiled nmethods': size=120000Kb used=1333Kb max_used=1333Kb free=118666Kb
 bounds [0x000001d887ad0000, 0x000001d887d40000, 0x000001d88f000000]
CodeHeap 'profiled nmethods': size=120000Kb used=5623Kb max_used=5623Kb free=114377Kb
 bounds [0x000001d880000000, 0x000001d880580000, 0x000001d887530000]
CodeHeap 'non-nmethods': size=5760Kb used=1530Kb max_used=1591Kb free=4229Kb
 bounds [0x000001d887530000, 0x000001d8877a0000, 0x000001d887ad0000]
 total_blobs=3324 nmethods=2791 adapters=435
 compilation: enabled
              stopped_count=0, restarted_count=0
 full_count=0

Compilation events (20 events):
Event: 15.823 Thread 0x000001d8fbdc1e00 nmethod 2710 0x000001d887c00210 code [0x000001d887c003a0, 0x000001d887c00448]
Event: 15.824 Thread 0x000001d8fbdc1e00 2711       3       org.springframework.util.ObjectUtils::containsElement (45 bytes)
Event: 15.824 Thread 0x000001d8fbdc1e00 nmethod 2711 0x000001d880549c90 code [0x000001d880549e60, 0x000001d88054a120]
Event: 15.824 Thread 0x000001d8fbdc1e00 2712       3       org.springframework.core.annotation.MergedAnnotationPredicates$$Lambda/0x000001d890229510::test (12 bytes)
Event: 15.824 Thread 0x000001d8fbdc1e00 nmethod 2712 0x000001d88054a290 code [0x000001d88054a460, 0x000001d88054a7d8]
Event: 15.824 Thread 0x000001d8fbdc1e00 2713       3       org.springframework.context.annotation.ConfigurationClassParser$SourceClass::hashCode (13 bytes)
Event: 15.825 Thread 0x000001d8fbdc1e00 nmethod 2713 0x000001d88054a910 code [0x000001d88054aac0, 0x000001d88054acd8]
Event: 15.827 Thread 0x000001d8fbdc1e00 2714       3       java.net.URL::openConnection (9 bytes)
Event: 15.827 Thread 0x000001d8fbdc1e00 nmethod 2714 0x000001d88054ae10 code [0x000001d88054afc0, 0x000001d88054b1a8]
Event: 15.827 Thread 0x000001d8fbdc1e00 2715       3       java.net.URLConnection::<init> (62 bytes)
Event: 15.828 Thread 0x000001d8fbdc1e00 nmethod 2715 0x000001d88054b290 code [0x000001d88054b480, 0x000001d88054b960]
Event: 15.837 Thread 0x000001d8fbdc1e00 2716   !   3       org.springframework.boot.autoconfigure.condition.FilteringSpringBootCondition$ClassNameFilter::isPresent (19 bytes)
Event: 15.838 Thread 0x000001d8fbdc1e00 nmethod 2716 0x000001d88054bb10 code [0x000001d88054bd00, 0x000001d88054c060]
Event: 15.838 Thread 0x000001d8fbdc1e00 2717       3       org.springframework.boot.autoconfigure.condition.FilteringSpringBootCondition::resolve (16 bytes)
Event: 15.838 Thread 0x000001d8fbdc1e00 nmethod 2717 0x000001d88054c210 code [0x000001d88054c3e0, 0x000001d88054c640]
Event: 15.841 Thread 0x000001d8fbdc1e00 2718       3       java.lang.Boolean::valueOf (14 bytes)
Event: 15.841 Thread 0x000001d8fbdc1e00 nmethod 2718 0x000001d88054c790 code [0x000001d88054c940, 0x000001d88054caa8]
Event: 15.842 Thread 0x000001d8fbdc1e00 2719       3       org.springframework.core.annotation.MergedAnnotation$Adapt::addIfTrue (13 bytes)
Event: 15.842 Thread 0x000001d8fbdc1e00 nmethod 2719 0x000001d88054cb10 code [0x000001d88054ccc0, 0x000001d88054cec0]
Event: 15.889 Thread 0x000001d8fbdc1e00 2720       3       org.springframework.context.support.GenericApplicationContext::getClassLoader (29 bytes)

GC Heap History (4 events):
Event: 10.982 GC heap before
{Heap before GC invocations=0 (full 0):
 garbage-first heap   total reserved 1996800K, committed 124928K, used 15360K [0x0000000086200000, 0x0000000100000000)
  region size 1024K, 14 young (14336K), 0 survivors (0K)
 Metaspace       used 2435K, committed 2560K, reserved 1114112K
  class space    used 228K, committed 256K, reserved 1048576K
}
Event: 11.003 GC heap after
{Heap after GC invocations=1 (full 0):
 garbage-first heap   total reserved 1996800K, committed 124928K, used 5376K [0x0000000086200000, 0x0000000100000000)
  region size 1024K, 2 young (2048K), 2 survivors (2048K)
 Metaspace       used 2435K, committed 2560K, reserved 1114112K
  class space    used 228K, committed 256K, reserved 1048576K
}
Event: 12.395 GC heap before
{Heap before GC invocations=1 (full 0):
 garbage-first heap   total reserved 1996800K, committed 124928K, used 19712K [0x0000000086200000, 0x0000000100000000)
  region size 1024K, 17 young (17408K), 2 survivors (2048K)
 Metaspace       used 6010K, committed 6272K, reserved 1114112K
  class space    used 707K, committed 832K, reserved 1048576K
}
Event: 12.402 GC heap after
{Heap after GC invocations=2 (full 0):
 garbage-first heap   total reserved 1996800K, committed 124928K, used 6732K [0x0000000086200000, 0x0000000100000000)
  region size 1024K, 2 young (2048K), 2 survivors (2048K)
 Metaspace       used 6010K, committed 6272K, reserved 1114112K
  class space    used 707K, committed 832K, reserved 1048576K
}

Dll operation events (10 events):
Event: 0.321 Loaded shared library C:\Program Files\Java\jdk-22\bin\java.dll
Event: 0.326 Loaded shared library C:\Program Files\Java\jdk-22\bin\zip.dll
Event: 0.426 Loaded shared library C:\Program Files\Java\jdk-22\bin\jsvml.dll
Event: 9.546 Loaded shared library C:\Program Files\Java\jdk-22\bin\instrument.dll
Event: 9.793 Loaded shared library C:\Program Files\Java\jdk-22\bin\net.dll
Event: 9.797 Loaded shared library C:\Program Files\Java\jdk-22\bin\nio.dll
Event: 9.825 Loaded shared library C:\Program Files\Java\jdk-22\bin\zip.dll
Event: 10.305 Loaded shared library C:\Program Files\Java\jdk-22\bin\verify.dll
Event: 10.333 Loaded shared library C:\Program Files\Java\jdk-22\bin\jimage.dll
Event: 13.642 Loaded shared library C:\Program Files\Java\jdk-22\bin\le.dll

Deoptimization events (20 events):
Event: 15.526 Thread 0x000001d8eccaa330 DEOPT PACKING pc=0x000001d8801dfc6c sp=0x0000002f8dcfe350
Event: 15.526 Thread 0x000001d8eccaa330 DEOPT UNPACKING pc=0x000001d887584e42 sp=0x0000002f8dcfd818 mode 1
Event: 15.526 Thread 0x000001d8eccaa330 DEOPT PACKING pc=0x000001d8801df76c sp=0x0000002f8dcfe3e0
Event: 15.526 Thread 0x000001d8eccaa330 DEOPT UNPACKING pc=0x000001d887584e42 sp=0x0000002f8dcfd8b8 mode 1
Event: 15.527 Thread 0x000001d8eccaa330 DEOPT PACKING pc=0x000001d88013f9c9 sp=0x0000002f8dcfd900
Event: 15.527 Thread 0x000001d8eccaa330 DEOPT UNPACKING pc=0x000001d887584e42 sp=0x0000002f8dcfcd58 mode 1
Event: 15.527 Thread 0x000001d8eccaa330 DEOPT PACKING pc=0x000001d88013f364 sp=0x0000002f8dcfd990
Event: 15.527 Thread 0x000001d8eccaa330 DEOPT UNPACKING pc=0x000001d887584e42 sp=0x0000002f8dcfce38 mode 1
Event: 15.527 Thread 0x000001d8eccaa330 DEOPT PACKING pc=0x000001d8801dfc6c sp=0x0000002f8dcfe350
Event: 15.527 Thread 0x000001d8eccaa330 DEOPT UNPACKING pc=0x000001d887584e42 sp=0x0000002f8dcfd818 mode 1
Event: 15.527 Thread 0x000001d8eccaa330 DEOPT PACKING pc=0x000001d8801df76c sp=0x0000002f8dcfe3e0
Event: 15.527 Thread 0x000001d8eccaa330 DEOPT UNPACKING pc=0x000001d887584e42 sp=0x0000002f8dcfd8b8 mode 1
Event: 15.528 Thread 0x000001d8eccaa330 DEOPT PACKING pc=0x000001d88013f9c9 sp=0x0000002f8dcfd900
Event: 15.528 Thread 0x000001d8eccaa330 DEOPT UNPACKING pc=0x000001d887584e42 sp=0x0000002f8dcfcd58 mode 1
Event: 15.528 Thread 0x000001d8eccaa330 DEOPT PACKING pc=0x000001d88013f364 sp=0x0000002f8dcfd990
Event: 15.528 Thread 0x000001d8eccaa330 DEOPT UNPACKING pc=0x000001d887584e42 sp=0x0000002f8dcfce38 mode 1
Event: 15.528 Thread 0x000001d8eccaa330 DEOPT PACKING pc=0x000001d8801dfc6c sp=0x0000002f8dcfe350
Event: 15.528 Thread 0x000001d8eccaa330 DEOPT UNPACKING pc=0x000001d887584e42 sp=0x0000002f8dcfd818 mode 1
Event: 15.528 Thread 0x000001d8eccaa330 DEOPT PACKING pc=0x000001d8801df76c sp=0x0000002f8dcfe3e0
Event: 15.528 Thread 0x000001d8eccaa330 DEOPT UNPACKING pc=0x000001d887584e42 sp=0x0000002f8dcfd8b8 mode 1

Classes loaded (20 events):
Event: 15.876 Loading class com/fasterxml/jackson/datatype/jdk8/StreamSerializer
Event: 15.876 Loading class com/fasterxml/jackson/datatype/jdk8/StreamSerializer done
Event: 15.877 Loading class com/fasterxml/jackson/datatype/jdk8/OptionalSerializer
Event: 15.877 Loading class com/fasterxml/jackson/datatype/jdk8/OptionalSerializer done
Event: 15.878 Loading class com/fasterxml/jackson/datatype/jdk8/OptionalIntSerializer
Event: 15.878 Loading class com/fasterxml/jackson/datatype/jdk8/OptionalIntSerializer done
Event: 15.879 Loading class com/fasterxml/jackson/datatype/jdk8/OptionalLongSerializer
Event: 15.879 Loading class com/fasterxml/jackson/datatype/jdk8/OptionalLongSerializer done
Event: 15.882 Loading class com/fasterxml/jackson/datatype/jdk8/OptionalDoubleSerializer
Event: 15.882 Loading class com/fasterxml/jackson/datatype/jdk8/OptionalDoubleSerializer done
Event: 15.886 Loading class com/fasterxml/jackson/databind/util/ArrayBuilders
Event: 15.886 Loading class com/fasterxml/jackson/databind/util/ArrayBuilders done
Event: 15.887 Loading class com/fasterxml/jackson/datatype/jdk8/Jdk8Deserializers
Event: 15.887 Loading class com/fasterxml/jackson/datatype/jdk8/Jdk8Deserializers done
Event: 15.887 Loading class com/fasterxml/jackson/datatype/jdk8/OptionalDeserializer
Event: 15.887 Loading class com/fasterxml/jackson/datatype/jdk8/OptionalDeserializer done
Event: 15.888 Loading class com/fasterxml/jackson/datatype/jdk8/OptionalIntDeserializer
Event: 15.888 Loading class com/fasterxml/jackson/datatype/jdk8/OptionalIntDeserializer done
Event: 15.889 Loading class com/fasterxml/jackson/datatype/jdk8/BaseScalarOptionalDeserializer
Event: 15.889 Loading class com/fasterxml/jackson/datatype/jdk8/BaseScalarOptionalDeserializer done

Classes unloaded (0 events):
No events

Classes redefined (0 events):
No events

Internal exceptions (20 events):
Event: 13.389 Thread 0x000001d8eccaa330 Exception <a 'java/lang/NoSuchMethodError'{0x000000008cd24458}: 'java.lang.Object java.lang.invoke.DirectMethodHandle$Holder.newInvokeSpecial(java.lang.Object, long)'> (0x000000008cd24458) 
thrown [s\open\src\hotspot\share\interpreter\linkResolver.cpp, line 774]
Event: 13.429 Thread 0x000001d8eccaa330 Exception <a 'java/lang/NoSuchMethodError'{0x000000008cc09b20}: 'void java.lang.invoke.DirectMethodHandle$Holder.invokeVirtual(java.lang.Object, java.lang.Object, java.lang.Object, java.lang.Object)'> (0x000000008cc09b20) 
thrown [s\open\src\hotspot\share\interpreter\linkResolver.cpp, line 774]
Event: 13.546 Thread 0x000001d8eccaa330 Exception <a 'java/lang/NoSuchMethodError'{0x000000008cbacf28}: 'void java.lang.invoke.DirectMethodHandle$Holder.invokeSpecial(java.lang.Object, java.lang.Object, java.lang.Object)'> (0x000000008cbacf28) 
thrown [s\open\src\hotspot\share\interpreter\linkResolver.cpp, line 774]
Event: 13.559 Thread 0x000001d8eccaa330 Exception <a 'java/lang/IncompatibleClassChangeError'{0x000000008cbd6ff8}: Found class java.lang.Object, but interface was expected> (0x000000008cbd6ff8) 
thrown [s\open\src\hotspot\share\interpreter\linkResolver.cpp, line 841]
Event: 13.585 Thread 0x000001d8eccaa330 Exception <a 'java/lang/NoSuchMethodError'{0x000000008c80d850}: 'java.lang.Object java.lang.invoke.DirectMethodHandle$Holder.invokeStaticInit(java.lang.Object, int)'> (0x000000008c80d850) 
thrown [s\open\src\hotspot\share\interpreter\linkResolver.cpp, line 774]
Event: 13.595 Thread 0x000001d8eccaa330 Exception <a 'java/lang/NoSuchMethodError'{0x000000008c819c60}: 'java.lang.Object java.lang.invoke.DirectMethodHandle$Holder.invokeStatic(java.lang.Object, int, java.lang.Object)'> (0x000000008c819c60) 
thrown [s\open\src\hotspot\share\interpreter\linkResolver.cpp, line 774]
Event: 13.596 Thread 0x000001d8eccaa330 Exception <a 'java/lang/NoSuchMethodError'{0x000000008c81d2e0}: 'java.lang.Object java.lang.invoke.DirectMethodHandle$Holder.invokeStaticInit(java.lang.Object, int, java.lang.Object)'> (0x000000008c81d2e0) 
thrown [s\open\src\hotspot\share\interpreter\linkResolver.cpp, line 774]
Event: 13.624 Thread 0x000001d8eccaa330 Exception <a 'sun/nio/fs/WindowsException'{0x000000008c84b2d0}> (0x000000008c84b2d0) 
thrown [s\open\src\hotspot\share\prims\jni.cpp, line 520]
Event: 13.647 Thread 0x000001d8eccaa330 Exception <a 'jdk/internal/org/jline/terminal/impl/jna/LastErrorException'{0x000000008c7b2940}> (0x000000008c7b2940) 
thrown [s\open\src\hotspot\share\prims\jni.cpp, line 520]
Event: 13.647 Thread 0x000001d8eccaa330 Exception <a 'jdk/internal/org/jline/terminal/impl/jna/LastErrorException'{0x000000008c7b3000}> (0x000000008c7b3000) 
thrown [s\open\src\hotspot\share\prims\jni.cpp, line 520]
Event: 13.647 Thread 0x000001d8eccaa330 Exception <a 'jdk/internal/org/jline/terminal/impl/jna/LastErrorException'{0x000000008c7b3670}> (0x000000008c7b3670) 
thrown [s\open\src\hotspot\share\prims\jni.cpp, line 520]
Event: 13.895 Thread 0x000001d8eccaa330 Exception <a 'java/lang/NoSuchMethodError'{0x000000008c3dd148}: 'int java.lang.invoke.DirectMethodHandle$Holder.invokeVirtual(java.lang.Object, java.lang.Object)'> (0x000000008c3dd148) 
thrown [s\open\src\hotspot\share\interpreter\linkResolver.cpp, line 774]
Event: 14.743 Thread 0x000001d8eccaa330 Exception <a 'java/lang/NoSuchMethodError'{0x000000008ab08f50}: 'int java.lang.invoke.DirectMethodHandle$Holder.invokeSpecial(java.lang.Object, java.lang.Object, java.lang.Object, java.lang.Object, java.lang.Object)'> (0x000000008ab08f50) 
thrown [s\open\src\hotspot\share\interpreter\linkResolver.cpp, line 774]
Event: 14.751 Thread 0x000001d8eccaa330 Exception <a 'java/lang/NoSuchMethodError'{0x000000008ab17d10}: 'void java.lang.invoke.DirectMethodHandle$Holder.invokeVirtual(java.lang.Object, java.lang.Object)'> (0x000000008ab17d10) 
thrown [s\open\src\hotspot\share\interpreter\linkResolver.cpp, line 774]
Event: 15.152 Thread 0x000001d8eccaa330 Exception <a 'java/lang/IncompatibleClassChangeError'{0x0000000089fab010}: Found class java.lang.Object, but interface was expected> (0x0000000089fab010) 
thrown [s\open\src\hotspot\share\interpreter\linkResolver.cpp, line 841]
Event: 15.787 Thread 0x000001d8d52e4f40 Exception <a 'java/lang/NoSuchMethodError'{0x000000008947f558}: 'long java.lang.invoke.DirectMethodHandle$Holder.invokeSpecial(java.lang.Object, java.lang.Object)'> (0x000000008947f558) 
thrown [s\open\src\hotspot\share\interpreter\linkResolver.cpp, line 774]
Event: 15.790 Thread 0x000001d8d52e4f40 Exception <a 'java/lang/NoSuchMethodError'{0x0000000089489388}: 'long java.lang.invoke.DirectMethodHandle$Holder.invokeStatic(java.lang.Object, java.lang.Object)'> (0x0000000089489388) 
thrown [s\open\src\hotspot\share\interpreter\linkResolver.cpp, line 774]
Event: 15.791 Thread 0x000001d8d52e4f40 Exception <a 'java/lang/NoSuchMethodError'{0x000000008948c720}: 'long java.lang.invoke.DirectMethodHandle$Holder.invokeStaticInit(java.lang.Object, java.lang.Object)'> (0x000000008948c720) 
thrown [s\open\src\hotspot\share\interpreter\linkResolver.cpp, line 774]
Event: 15.803 Thread 0x000001d8d52e4f40 Exception <a 'java/lang/NoSuchMethodError'{0x0000000089498bc8}: 'long java.lang.invoke.DirectMethodHandle$Holder.invokeInterface(java.lang.Object, java.lang.Object)'> (0x0000000089498bc8) 
thrown [s\open\src\hotspot\share\interpreter\linkResolver.cpp, line 774]
Event: 15.803 Thread 0x000001d8d52e4f40 Exception <a 'java/lang/IncompatibleClassChangeError'{0x000000008949be88}: Found class java.lang.Object, but interface was expected> (0x000000008949be88) 
thrown [s\open\src\hotspot\share\interpreter\linkResolver.cpp, line 841]

ZGC Phase Switch (0 events):
No events

VM Operations (20 events):
Event: 13.197 Executing VM operation: HandshakeAllThreads (Deoptimize)
Event: 13.198 Executing VM operation: HandshakeAllThreads (Deoptimize) done
Event: 13.209 Executing VM operation: ICBufferFull
Event: 13.209 Executing VM operation: ICBufferFull done
Event: 13.539 Executing VM operation: HandshakeAllThreads (Deoptimize)
Event: 13.539 Executing VM operation: HandshakeAllThreads (Deoptimize) done
Event: 13.540 Executing VM operation: HandshakeAllThreads (Deoptimize)
Event: 13.540 Executing VM operation: HandshakeAllThreads (Deoptimize) done
Event: 14.246 Executing VM operation: ICBufferFull
Event: 14.246 Executing VM operation: ICBufferFull done
Event: 14.540 Executing VM operation: HandshakeAllThreads (Deoptimize)
Event: 14.540 Executing VM operation: HandshakeAllThreads (Deoptimize) done
Event: 14.668 Executing VM operation: HandshakeAllThreads (Deoptimize)
Event: 14.668 Executing VM operation: HandshakeAllThreads (Deoptimize) done
Event: 14.761 Executing VM operation: HandshakeAllThreads (Deoptimize)
Event: 14.761 Executing VM operation: HandshakeAllThreads (Deoptimize) done
Event: 14.980 Executing VM operation: HandshakeAllThreads (Deoptimize)
Event: 15.008 Executing VM operation: HandshakeAllThreads (Deoptimize) done
Event: 15.624 Executing VM operation: ICBufferFull
Event: 15.657 Executing VM operation: ICBufferFull done

Events (20 events):
Event: 0.419 Thread 0x000001d8fbdb1760 Thread added: 0x000001d8fbdb1760
Event: 0.420 Thread 0x000001d8fbdb5c70 Thread added: 0x000001d8fbdb5c70
Event: 0.420 Thread 0x000001d8fbdb6880 Thread added: 0x000001d8fbdb6880
Event: 0.421 Thread 0x000001d8fbdb7490 Thread added: 0x000001d8fbdb7490
Event: 0.421 Thread 0x000001d8fbdbb5a0 Thread added: 0x000001d8fbdbb5a0
Event: 0.421 Thread 0x000001d8fbdc1350 Thread added: 0x000001d8fbdc1350
Event: 0.421 Thread 0x000001d8fbdc1e00 Thread added: 0x000001d8fbdc1e00
Event: 1.118 Thread 0x000001d8d41d0760 Thread added: 0x000001d8d41d0760
Event: 8.080 Thread 0x000001d8d432f6f0 Thread added: 0x000001d8d432f6f0
Event: 8.082 Thread 0x000001d8d434f800 Thread added: 0x000001d8d434f800
Event: 8.087 Thread 0x000001d8d434fe90 Thread added: 0x000001d8d434fe90
Event: 9.631 Thread 0x000001d8d436e3b0 Thread added: 0x000001d8d436e3b0
Event: 9.921 Thread 0x000001d8d43d2330 Thread added: 0x000001d8d43d2330
Event: 10.242 Thread 0x000001d8d43d2330 Thread exited: 0x000001d8d43d2330
Event: 13.282 Thread 0x000001d8d51aec30 Thread added: 0x000001d8d51aec30
Event: 13.354 Thread 0x000001d8d51aec30 Thread exited: 0x000001d8d51aec30
Event: 13.382 Thread 0x000001d8d52e45a0 Thread added: 0x000001d8d52e45a0
Event: 13.556 Thread 0x000001d8d52e4f40 Thread added: 0x000001d8d52e4f40
Event: 14.975 Thread 0x000001d8d5db12a0 Thread added: 0x000001d8d5db12a0
Event: 15.107 Thread 0x000001d8d5db12a0 Thread exited: 0x000001d8d5db12a0


Dynamic libraries:
0x00007ff7ccd80000 - 0x00007ff7ccd90000 	C:\Program Files\Java\jdk-22\bin\java.exe
0x00007fff11850000 - 0x00007fff11a48000 	C:\Windows\SYSTEM32\ntdll.dll
0x00007fff105c0000 - 0x00007fff1067d000 	C:\Windows\System32\KERNEL32.DLL
0x00007fff0f2b0000 - 0x00007fff0f5a6000 	C:\Windows\System32\KERNELBASE.dll
0x00007fff0ce90000 - 0x00007fff0cea7000 	C:\Program Files\Java\jdk-22\bin\jli.dll
0x00007fff0f5b0000 - 0x00007fff0f6b0000 	C:\Windows\System32\ucrtbase.dll
0x00007ffef14b0000 - 0x00007ffef14cb000 	C:\Program Files\Java\jdk-22\bin\VCRUNTIME140.dll
0x00007fff0fc90000 - 0x00007fff0fd40000 	C:\Windows\System32\ADVAPI32.dll
0x00007fff10020000 - 0x00007fff100be000 	C:\Windows\System32\msvcrt.dll
0x00007fff11420000 - 0x00007fff114c0000 	C:\Windows\System32\sechost.dll
0x00007fff0fd40000 - 0x00007fff0fe63000 	C:\Windows\System32\RPCRT4.dll
0x00007fff0f810000 - 0x00007fff0f837000 	C:\Windows\System32\bcrypt.dll
0x00007fff11610000 - 0x00007fff117af000 	C:\Windows\System32\USER32.dll
0x00007ffef6b40000 - 0x00007ffef6dda000 	C:\Windows\WinSxS\amd64_microsoft.windows.common-controls_6595b64144ccf1df_6.0.19041.4355_none_60b8b9eb71f62e16\COMCTL32.dll
0x00007fff0f280000 - 0x00007fff0f2a2000 	C:\Windows\System32\win32u.dll
0x00007fff114c0000 - 0x00007fff114eb000 	C:\Windows\System32\GDI32.dll
0x00007fff0f060000 - 0x00007fff0f177000 	C:\Windows\System32\gdi32full.dll
0x00007fff0ef10000 - 0x00007fff0efad000 	C:\Windows\System32\msvcp_win.dll
0x00007fff060b0000 - 0x00007fff060ba000 	C:\Windows\SYSTEM32\VERSION.dll
0x00007fff113f0000 - 0x00007fff1141f000 	C:\Windows\System32\IMM32.DLL
0x00007fff0cec0000 - 0x00007fff0cecc000 	C:\Program Files\Java\jdk-22\bin\vcruntime140_1.dll
0x00007ffec6a60000 - 0x00007ffec6aee000 	C:\Program Files\Java\jdk-22\bin\msvcp140.dll
0x00007ffeaa7c0000 - 0x00007ffeab507000 	C:\Program Files\Java\jdk-22\bin\server\jvm.dll
0x00007fff109f0000 - 0x00007fff10a5b000 	C:\Windows\System32\WS2_32.dll
0x00007fff07240000 - 0x00007fff07267000 	C:\Windows\SYSTEM32\WINMM.dll
0x00007fff0e450000 - 0x00007fff0e49b000 	C:\Windows\SYSTEM32\POWRPROF.dll
0x00007fff0e2c0000 - 0x00007fff0e2d2000 	C:\Windows\SYSTEM32\UMPDC.dll
0x00007fff0d710000 - 0x00007fff0d722000 	C:\Windows\SYSTEM32\kernel.appcore.dll
0x00007ffef14a0000 - 0x00007ffef14aa000 	C:\Program Files\Java\jdk-22\bin\jimage.dll
0x00007fff0cbb0000 - 0x00007fff0cd94000 	C:\Windows\SYSTEM32\DBGHELP.DLL
0x00007ffeec1e0000 - 0x00007ffeec214000 	C:\Windows\SYSTEM32\dbgcore.DLL
0x00007fff0f180000 - 0x00007fff0f202000 	C:\Windows\System32\bcryptPrimitives.dll
0x00007fff09fc0000 - 0x00007fff09ffc000 	C:\Program Files\Java\jdk-22\bin\jdwp.dll
0x00007ffef1490000 - 0x00007ffef149f000 	C:\Program Files\Java\jdk-22\bin\instrument.dll
0x00007ffeeb4e0000 - 0x00007ffeeb4fe000 	C:\Program Files\Java\jdk-22\bin\java.dll
0x00007fff10c80000 - 0x00007fff113ec000 	C:\Windows\System32\SHELL32.dll
0x00007fff10680000 - 0x00007fff107ab000 	C:\Windows\System32\ole32.dll
0x00007fff0f890000 - 0x00007fff0fbe3000 	C:\Windows\System32\combase.dll
0x00007ffece900000 - 0x00007ffece917000 	C:\Program Files\Java\jdk-22\bin\zip.dll
0x00007fff0cf30000 - 0x00007fff0d6cd000 	C:\Windows\SYSTEM32\windows.storage.dll
0x00007fff0e850000 - 0x00007fff0e87e000 	C:\Windows\SYSTEM32\Wldp.dll
0x00007fff10ba0000 - 0x00007fff10c6d000 	C:\Windows\System32\OLEAUT32.dll
0x00007fff10940000 - 0x00007fff109ed000 	C:\Windows\System32\SHCORE.dll
0x00007fff107b0000 - 0x00007fff10805000 	C:\Windows\System32\shlwapi.dll
0x00007fff0ee40000 - 0x00007fff0ee64000 	C:\Windows\SYSTEM32\profapi.dll
0x00007ffebff50000 - 0x00007ffec0027000 	C:\Program Files\Java\jdk-22\bin\jsvml.dll
0x00007fff09fb0000 - 0x00007fff09fbc000 	C:\Program Files\Java\jdk-22\bin\dt_socket.dll
0x00007fff0e2e0000 - 0x00007fff0e31b000 	C:\Windows\SYSTEM32\IPHLPAPI.DLL
0x00007fff0e630000 - 0x00007fff0e69a000 	C:\Windows\system32\mswsock.dll
0x00007ffeeb4d0000 - 0x00007ffeeb4e0000 	C:\Program Files\Java\jdk-22\bin\net.dll
0x00007ffece8e0000 - 0x00007ffece8f6000 	C:\Program Files\Java\jdk-22\bin\nio.dll
0x00007ffece730000 - 0x00007ffece740000 	C:\Program Files\Java\jdk-22\bin\verify.dll
0x00007fff0fbf0000 - 0x00007fff0fbf8000 	C:\Windows\System32\NSI.dll
0x00007fff0e330000 - 0x00007fff0e3fa000 	C:\Windows\SYSTEM32\DNSAPI.dll
0x00007ffece830000 - 0x00007ffece83b000 	C:\Program Files\Java\jdk-22\bin\le.dll

dbghelp: loaded successfully - version: 4.0.5 - missing functions: none
symbol engine: initialized successfully - sym options: 0x614 - pdb path: .;C:\Program Files\Java\jdk-22\bin;C:\Windows\SYSTEM32;C:\Windows\WinSxS\amd64_microsoft.windows.common-controls_6595b64144ccf1df_6.0.19041.4355_none_60b8b9eb71f62e16;C:\Program Files\Java\jdk-22\bin\server

VM Arguments:
jvm_args: -agentlib:jdwp=transport=dt_socket,address=127.0.0.1:54006,suspend=y,server=n -javaagent:C:\Users\PC\AppData\Local\JetBrains\IdeaIC2024.1\captureAgent\debugger-agent.jar -Dfile.encoding=UTF-8 -Dsun.stdout.encoding=UTF-8 -Dsun.stderr.encoding=UTF-8 
java_command: com.mouad.configserver.ConfigServerApplication
java_class_path (initial): C:\Users\PC\Desktop\app-ecommerce-microservices\services\config-server\target\classes;C:\Users\PC\.m2\repository\org\springframework\cloud\spring-cloud-config-server\4.1.2\spring-cloud-config-server-4.1.2.jar;C:\Users\PC\.m2\repository\org\springframework\cloud\spring-cloud-config-client\4.1.2\spring-cloud-config-client-4.1.2.jar;C:\Users\PC\.m2\repository\org\springframework\boot\spring-boot-autoconfigure\3.2.7\spring-boot-autoconfigure-3.2.7.jar;C:\Users\PC\.m2\repository\org\springframework\cloud\spring-cloud-commons\4.1.3\spring-cloud-commons-4.1.3.jar;C:\Users\PC\.m2\repository\org\springframework\cloud\spring-cloud-context\4.1.3\spring-cloud-context-4.1.3.jar;C:\Users\PC\.m2\repository\org\springframework\spring-web\6.1.10\spring-web-6.1.10.jar;C:\Users\PC\.m2\repository\org\springframework\spring-beans\6.1.10\spring-beans-6.1.10.jar;C:\Users\PC\.m2\repository\com\fasterxml\jackson\core\jackson-annotations\2.15.4\jackson-annotations-2.15.4.jar;C:\Users\PC\.m2\repository\com\fasterxml\jackson\core\jackson-databind\2.15.4\jackson-databind-2.15.4.jar;C:\Users\PC\.m2\repository\io\micrometer\micrometer-observation\1.12.7\micrometer-observation-1.12.7.jar;C:\Users\PC\.m2\repository\io\micrometer\micrometer-commons\1.12.7\micrometer-commons-1.12.7.jar;C:\Users\PC\.m2\repository\org\springframework\boot\spring-boot-starter-web\3.2.7\spring-boot-starter-web-3.2.7.jar;C:\Users\PC\.m2\repository\org\springframework\boot\spring-boot-starter-json\3.2.7\spring-boot-starter-json-3.2.7.jar;C:\Users\PC\.m2\repository\com\fasterxml\jackson\datatype\jackson-datatype-jdk8\2.15.4\jackson-datatype-jdk8-2.15.4.jar;C:\Users\PC\.m2\repository\com\fasterxml\jackson\datatype\jackson-datatype-jsr310\2.15.4\jackson-datatype-jsr310-2.15.4.jar;C:\Users\PC\.m2\repository\com\fasterxml\jackson\module\jackson-module-parameter-names\2.15.4\jackson-module-parameter-names-2.15.4.jar;C:\Users\PC\.m2\repository\org\springframework\boot\spring-boot-starter-tomcat\3.2.7\spring-boot-starter-tomcat-3.2.7.jar;C:\Users\PC\.m2\repository\org\apache\tomcat\embed\tomcat-embed-core\10.1.25\tomcat-embed-core-10.1.25.jar;C:\Users\PC\.m2\repository\org\apache\tomcat\embed\tomcat-embed-websocket\10.1.25\tomcat-embed-websocket-10.1.25.jar;C:\Users\PC\.m2\repository\org\springframework\spring-webmvc\6.1.10\spring-webmvc-6.1.10.jar;C:\Users\PC\.m2\repository\org\springframework\spring-aop\6.1.10\spring-aop-6.1.10.jar;C:\Users\PC\.m2\repository\org\springframework\spring-context\6.1.10\spring-context-6.1.10.jar;C:\Users\PC\.m2\repository\org\springframework\spring-expression\6.1.10\spring-expression-6.1.10.jar;C:\Users\PC\.m2\repository\org\springframework\boot\spring-boot-starter-validation\3.2.7\spring-boot-starter-validation-3.2.7.jar;C:\Users\PC\.m2\repository\org\apache\tomcat\embed\tomcat-embed-el\10.1.25\tomcat-embed-el-10.1.25.jar;C:\Users\PC\.m2\repository\org\hibernate\validator\hibernate-validator\8.0.1.Final\hibernate-validator-8.0.1.Final.jar;C:\Users\PC\.m2\repository\jakarta\validation\jakarta.validation-api\3.0.2\jakarta.validation-api-3.0.2.jar;C:\Users\PC\.m2\repository\org\jboss\logging\jboss-logging\3.5.3.Final\jboss-logging-3.5.3.Final.jar;C:\Users\PC\.m2\repository\com\fasterxml\classmate\1.6.0\classmate-1.6.0.jar;C:\Users\PC\.m2\repository\org\springframework\security\spring-security-crypto\6.2.5\spring-security-crypto-6.2.5.jar;C:\Users\PC\.m2\repository\org\springframework\security\spring-security-rsa\1.1.3\spring-security-rsa-1.1.3.jar;C:\Users\PC\.m2\repository\org\bouncycastle\bcprov-jdk18on\1.78\bcprov-jdk18on-1.78.jar;C:\Users\PC\.m2\repository\org\apache\httpcomponents\client5\httpclient5\5.2.3\httpclient5-5.2.3.jar;C:\Users\PC\.m2\repository\org\apache\httpcomponents\core5\httpcore5\5.2.4\httpcore5-5.2.4.jar;C:\Users\PC\.m2\repository\org\apache\httpcomponents\core5\httpcore5-h2\5.2.4\httpcore5-h2-5.2.4.jar;C:\Users\PC\.m2\repository\org\slf4j\slf4j-api\2.0.13\slf4j-api-2.0.13.jar;C:\Users\PC\.m2\repository\org\eclipse\jgit\org.eclipse.jgit\6.6.1.202309021850-r\org.eclipse.jgit-6.6.1.202309021850-r.jar;C:\Users\PC\.m2\repository\com\googlecode\javaewah\JavaEWAH\1.2.3\JavaEWAH-1.2.3.jar;C:\Users\PC\.m2\repository\org\eclipse\jgit\org.eclipse.jgit.http.apache\6.6.1.202309021850-r\org.eclipse.jgit.http.apache-6.6.1.202309021850-r.jar;C:\Users\PC\.m2\repository\org\apache\httpcomponents\httpclient\4.5.14\httpclient-4.5.14.jar;C:\Users\PC\.m2\repository\commons-logging\commons-logging\1.2\commons-logging-1.2.jar;C:\Users\PC\.m2\repository\commons-codec\commons-codec\1.16.1\commons-codec-1.16.1.jar;C:\Users\PC\.m2\repository\org\apache\httpcomponents\httpcore\4.4.16\httpcore-4.4.16.jar;C:\Users\PC\.m2\repository\org\eclipse\jgit\org.eclipse.jgit.ssh.apache\6.6.1.202309021850-r\org.eclipse.jgit.ssh.apache-6.6.1.202309021850-r.jar;C:\Users\PC\.m2\repository\org\apache\sshd\sshd-osgi\2.10.0\sshd-osgi-2.10.0.jar;C:\Users\PC\.m2\repository\org\slf4j\jcl-over-slf4j\2.0.13\jcl-over-slf4j-2.0.13.jar;C:\Users\PC\.m2\repository\org\apache\sshd\sshd-sftp\2.10.0\sshd-sftp-2.10.0.jar;C:\Users\PC\.m2\repository\net\i2p\crypto\eddsa\0.3.0\eddsa-0.3.0.jar;C:\Users\PC\.m2\repository\org\yaml\snakeyaml\2.2\snakeyaml-2.2.jar;C:\Users\PC\.m2\repository\com\fasterxml\jackson\dataformat\jackson-dataformat-yaml\2.15.4\jackson-dataformat-yaml-2.15.4.jar;C:\Users\PC\.m2\repository\com\fasterxml\jackson\core\jackson-core\2.15.4\jackson-core-2.15.4.jar;C:\Users\PC\.m2\repository\org\springframework\boot\spring-boot-starter\3.2.7\spring-boot-starter-3.2.7.jar;C:\Users\PC\.m2\repository\org\springframework\boot\spring-boot\3.2.7\spring-boot-3.2.7.jar;C:\Users\PC\.m2\repository\org\springframework\boot\spring-boot-starter-logging\3.2.7\spring-boot-starter-logging-3.2.7.jar;C:\Users\PC\.m2\repository\ch\qos\logback\logback-classic\1.4.14\logback-classic-1.4.14.jar;C:\Users\PC\.m2\repository\ch\qos\logback\logback-core\1.4.14\logback-core-1.4.14.jar;C:\Users\PC\.m2\repository\org\apache\logging\log4j\log4j-to-slf4j\2.21.1\log4j-to-slf4j-2.21.1.jar;C:\Users\PC\.m2\repository\org\apache\logging\log4j\log4j-api\2.21.1\log4j-api-2.21.1.jar;C:\Users\PC\.m2\repository\org\slf4j\jul-to-slf4j\2.0.13\jul-to-slf4j-2.0.13.jar;C:\Users\PC\.m2\repository\jakarta\annotation\jakarta.annotation-api\2.1.1\jakarta.annotation-api-2.1.1.jar;C:\Users\PC\.m2\repository\org\springframework\spring-core\6.1.10\spring-core-6.1.10.jar;C:\Users\PC\.m2\repository\org\springframework\spring-jcl\6.1.10\spring-jcl-6.1.10.jar;C:\Program Files\JetBrains\IntelliJ IDEA Community Edition 2024.1.1\lib\idea_rt.jar
Launcher Type: SUN_STANDARD

[Global flags]
     intx CICompilerCount                          = 3                                         {product} {ergonomic}
     uint ConcGCThreads                            = 1                                         {product} {ergonomic}
     uint G1ConcRefinementThreads                  = 4                                         {product} {ergonomic}
   size_t G1HeapRegionSize                         = 1048576                                   {product} {ergonomic}
   size_t InitialHeapSize                          = 127926272                                 {product} {ergonomic}
   size_t MarkStackSize                            = 4194304                                   {product} {ergonomic}
   size_t MaxHeapSize                              = 2044723200                                {product} {ergonomic}
   size_t MaxNewSize                               = 1226833920                                {product} {ergonomic}
   size_t MinHeapDeltaBytes                        = 1048576                                   {product} {ergonomic}
   size_t MinHeapSize                              = 8388608                                   {product} {ergonomic}
    uintx NonNMethodCodeHeapSize                   = 5832780                                {pd product} {ergonomic}
    uintx NonProfiledCodeHeapSize                  = 122912730                              {pd product} {ergonomic}
    uintx ProfiledCodeHeapSize                     = 122912730                              {pd product} {ergonomic}
    uintx ReservedCodeCacheSize                    = 251658240                              {pd product} {ergonomic}
     bool SegmentedCodeCache                       = true                                      {product} {ergonomic}
   size_t SoftMaxHeapSize                          = 2044723200                             {manageable} {ergonomic}
     bool UseCompressedOops                        = true                           {product lp64_product} {ergonomic}
     bool UseG1GC                                  = true                                      {product} {ergonomic}
     bool UseLargePagesIndividualAllocation        = false                                  {pd product} {ergonomic}

Logging:
Log output configuration:
 #0: stdout all=warning uptime,level,tags foldmultilines=false
 #1: stderr all=off uptime,level,tags foldmultilines=false

Environment Variables:
PATH=C:\Program Files\NVIDIA GPU Computing Toolkit\CUDA\v10.1\bin;C:\Program Files\NVIDIA GPU Computing Toolkit\CUDA\v10.1\libnvvp;C:\Program Files\Common Files\Oracle\Java\javapath;C:\Windows\system32;C:\Windows;C:\Windows\System32\Wbem;C:\Windows\System32\WindowsPowerShell\v1.0\;C:\Windows\System32\OpenSSH\;C:\Program Files\Microsoft SQL Server\Client SDK\ODBC\130\Tools\Binn\;C:\xampp\php;C:\ProgramData\ComposerSetup\bin;C:\Program Files\Microsoft SQL Server\Client SDK\ODBC\170\Tools\Binn\;C:\Program Files (x86)\Microsoft SQL Server\150\DTS\Binn\;C:\Program Files (x86)\Microsoft SQL Server\150\Tools\Binn\;C:\Program Files\Microsoft SQL Server\150\Tools\Binn\;C:\Program Files\Microsoft SQL Server\150\DTS\Binn\;C:\Program Files\Azure Data Studio\bin;C:\Program Files\Microsoft SQL Server\130\Tools\Binn\;C:\Program Files (x86)\Microsoft SQL Server\110\DTS\Binn\;C:\Program Files (x86)\Microsoft SQL Server\120\DTS\Binn\;C:\Program Files (x86)\Microsoft SQL Server\130\DTS\Binn\;C:\Program Files (x86)\Microsoft SQL Server\140\DTS\Binn\;C:\Program Files\NVIDIA Corporation\Nsight Compute 2019.1\;C:\Program Files (x86)\NVIDIA Corporation\PhysX\Common;C:\Program Files\Docker\Docker\resources\bin;C:\ProgramData\DockerDesktop\version-bin;C:\Program Files\Git\cmd;C:\Program Files\PuTTY\;C:\Program Files (x86)\dotnet\;C:\Program Files\nodejs\;C:\Program Files\dotnet\;C:\Users\PC\.console-ninja\.bin;C:\Users\PC\AppData\Local\Microsoft\WindowsApps;C:\Users\PC\AppData\Roaming\Composer\vendor\bin;C:\Program Files (x86)\Microsoft VS Code\bin;C:\Program Files\JetBrains\PyCharm Community Edition 2020.3.5\bin;;C:\Program Files\Java\jdk1.7.0_25\bin;C:\Program Files\Azure Data Studio\bin;C:\AdditionalPackages\protoc\bin;"C:\Windows\system32;C:\Windows;C:\Windows\System32\Wbem;C:\Windows\System32\WindowsPowerShell\v1.0\";C:\Program Files\MongoDB\Server\4.4\bin;C:\Users\PC\AppData\Roaming\npm;C:\Program Files\JetBrains\IntelliJ IDEA Community Edition 2024.1.1\bin;
USERNAME=PC
OS=Windows_NT
PROCESSOR_IDENTIFIER=Intel64 Family 6 Model 142 Stepping 9, GenuineIntel
TMP=C:\Users\PC\AppData\Local\Temp
TEMP=C:\Users\PC\AppData\Local\Temp




Periodic native trim disabled

---------------  S Y S T E M  ---------------

OS:
 Windows 10 , 64 bit Build 19041 (10.0.19041.3636)
OS uptime: 19 days 6:57 hours
Hyper-V role detected

CPU: total 4 (initial active 4) (2 cores per cpu, 2 threads per core) family 6 model 142 stepping 9 microcode 0xca, cx8, cmov, fxsr, ht, mmx, 3dnowpref, sse, sse2, sse3, ssse3, sse4.1, sse4.2, popcnt, lzcnt, tsc, tscinvbit, avx, avx2, aes, erms, clmul, bmi1, bmi2, rtm, adx, fma, vzeroupper, clflush, clflushopt, hv, rdtscp, f16c
Processor Information for all 4 processors :
  Max Mhz: 2712, Current Mhz: 2611, Mhz Limit: 2603

Memory: 4k page, system-wide physical 7794M (393M free)
TotalPageFile size 31346M (AvailPageFile size 16M)
current process WorkingSet (physical memory assigned to process): 217M, peak: 223M
current process commit charge ("private bytes"): 292M, peak: 302M

vm_info: Java HotSpot(TM) 64-Bit Server VM (22.0.1+8-16) for windows-amd64 JRE (22.0.1+8-16), built on 2024-03-12T10:33:16Z by "mach5one" with MS VC++ 17.6 (VS2022)

END.
